<?xml version="1.0" encoding="UTF-8"?>
<!-- Generated by org.testng.reporters.JUnitReportReporter -->
<testsuite hostname="CHNSIPDT0T1027" name="Jscript.NewTest" tests="1" failures="0" timestamp="22 Oct 2018 08:44:11 GMT" time="0.000" errors="0">
  <testcase name="f" time="0.000" classname="Jscript.NewTest"/>
</testsuite> <!-- Jscript.NewTest -->
